<?xml version="1.0" encoding="UTF-8"?>
<coverage generated="1552930384">
  <project timestamp="1552930384">
    <package name="ClickHouseDB">
      <file name="/var/www/phpClickHouse/src/Client.php">
        <class name="ClickHouseDB\Client" namespace="ClickHouseDB">
          <metrics complexity="105" methods="56" coveredmethods="25" conditionals="0" coveredconditionals="0" statements="211" coveredstatements="129" elements="267" coveredelements="154"/>
        </class>
        <line num="60" type="method" name="__construct" visibility="public" complexity="8" crap="8.70" count="63"/>
        <line num="62" type="stmt" count="63"/>
        <line num="63" type="stmt" count="0"/>
        <line num="66" type="stmt" count="63"/>
        <line num="67" type="stmt" count="0"/>
        <line num="70" type="stmt" count="63"/>
        <line num="71" type="stmt" count="0"/>
        <line num="74" type="stmt" count="63"/>
        <line num="75" type="stmt" count="0"/>
        <line num="78" type="stmt" count="63"/>
        <line num="79" type="stmt" count="63"/>
        <line num="80" type="stmt" count="63"/>
        <line num="81" type="stmt" count="63"/>
        <line num="84" type="stmt" count="63"/>
        <line num="85" type="stmt" count="63"/>
        <line num="86" type="stmt" count="63"/>
        <line num="87" type="stmt" count="63"/>
        <line num="88" type="stmt" count="63"/>
        <line num="91" type="stmt" count="63"/>
        <line num="94" type="stmt" count="63"/>
        <line num="95" type="stmt" count="63"/>
        <line num="96" type="stmt" count="1"/>
        <line num="99" type="stmt" count="63"/>
        <line num="100" type="stmt" count="0"/>
        <line num="103" type="stmt" count="63"/>
        <line num="104" type="stmt" count="0"/>
        <line num="107" type="stmt" count="63"/>
        <line num="108" type="stmt" count="63"/>
        <line num="113" type="method" name="setReadOnlyUser" visibility="public" complexity="1" crap="2.00" count="0"/>
        <line num="115" type="stmt" count="0"/>
        <line num="116" type="stmt" count="0"/>
        <line num="117" type="stmt" count="0"/>
        <line num="124" type="method" name="cleanQueryDegeneration" visibility="public" complexity="1" crap="1" count="1"/>
        <line num="126" type="stmt" count="1"/>
        <line num="134" type="method" name="addQueryDegeneration" visibility="public" complexity="1" crap="2.00" count="0"/>
        <line num="136" type="stmt" count="0"/>
        <line num="144" type="method" name="enableQueryConditions" visibility="public" complexity="1" crap="1" count="1"/>
        <line num="146" type="stmt" count="1"/>
        <line num="154" type="method" name="setHost" visibility="public" complexity="1" crap="2.00" count="0"/>
        <line num="156" type="stmt" count="0"/>
        <line num="157" type="stmt" count="0"/>
        <line num="158" type="stmt" count="0"/>
        <line num="163" type="method" name="setTimeout" visibility="public" complexity="1" crap="1" count="2"/>
        <line num="165" type="stmt" count="2"/>
        <line num="171" type="method" name="getTimeout" visibility="public" complexity="1" crap="1" count="1"/>
        <line num="173" type="stmt" count="1"/>
        <line num="179" type="method" name="setConnectTimeOut" visibility="public" complexity="1" crap="1" count="2"/>
        <line num="181" type="stmt" count="2"/>
        <line num="182" type="stmt" count="2"/>
        <line num="187" type="method" name="getConnectTimeOut" visibility="public" complexity="1" crap="1" count="1"/>
        <line num="189" type="stmt" count="1"/>
        <line num="195" type="method" name="transport" visibility="public" complexity="2" crap="2.15" count="63"/>
        <line num="197" type="stmt" count="63"/>
        <line num="198" type="stmt" count="0"/>
        <line num="201" type="stmt" count="63"/>
        <line num="207" type="method" name="getConnectHost" visibility="public" complexity="1" crap="2.00" count="0"/>
        <line num="209" type="stmt" count="0"/>
        <line num="215" type="method" name="getConnectPassword" visibility="public" complexity="1" crap="2.00" count="0"/>
        <line num="217" type="stmt" count="0"/>
        <line num="223" type="method" name="getConnectPort" visibility="public" complexity="1" crap="2.00" count="0"/>
        <line num="225" type="stmt" count="0"/>
        <line num="231" type="method" name="getConnectUsername" visibility="public" complexity="1" crap="2.00" count="0"/>
        <line num="233" type="stmt" count="0"/>
        <line num="239" type="method" name="getTransport" visibility="public" complexity="1" crap="2.00" count="0"/>
        <line num="241" type="stmt" count="0"/>
        <line num="247" type="method" name="verbose" visibility="public" complexity="1" crap="2.00" count="0"/>
        <line num="249" type="stmt" count="0"/>
        <line num="255" type="method" name="settings" visibility="public" complexity="1" crap="1" count="63"/>
        <line num="257" type="stmt" count="63"/>
        <line num="263" type="method" name="useSession" visibility="public" complexity="3" crap="3.07" count="2"/>
        <line num="265" type="stmt" count="2"/>
        <line num="266" type="stmt" count="2"/>
        <line num="267" type="stmt" count="2"/>
        <line num="269" type="stmt" count="0"/>
        <line num="273" type="stmt" count="2"/>
        <line num="279" type="method" name="getSession" visibility="public" complexity="1" crap="1" count="2"/>
        <line num="281" type="stmt" count="2"/>
        <line num="290" type="method" name="write" visibility="public" complexity="1" crap="1" count="26"/>
        <line num="292" type="stmt" count="26"/>
        <line num="299" type="method" name="database" visibility="public" complexity="1" crap="1" count="63"/>
        <line num="301" type="stmt" count="63"/>
        <line num="303" type="stmt" count="63"/>
        <line num="311" type="method" name="enableLogQueries" visibility="public" complexity="1" crap="2.00" count="0"/>
        <line num="313" type="stmt" count="0"/>
        <line num="315" type="stmt" count="0"/>
        <line num="323" type="method" name="enableHttpCompression" visibility="public" complexity="1" crap="1" count="63"/>
        <line num="325" type="stmt" count="63"/>
        <line num="327" type="stmt" count="63"/>
        <line num="335" type="method" name="https" visibility="public" complexity="1" crap="1" count="1"/>
        <line num="337" type="stmt" count="1"/>
        <line num="339" type="stmt" count="1"/>
        <line num="347" type="method" name="enableExtremes" visibility="public" complexity="1" crap="1" count="2"/>
        <line num="349" type="stmt" count="2"/>
        <line num="351" type="stmt" count="2"/>
        <line num="358" type="method" name="select" visibility="public" complexity="1" crap="1" count="29"/>
        <line num="364" type="stmt" count="29"/>
        <line num="370" type="method" name="executeAsync" visibility="public" complexity="1" crap="1" count="10"/>
        <line num="372" type="stmt" count="10"/>
        <line num="375" type="method" name="maxTimeExecutionAllAsync" visibility="public" complexity="1" crap="2.00" count="0"/>
        <line num="378" type="stmt" count="0"/>
        <line num="383" type="method" name="progressFunction" visibility="public" complexity="4" crap="4.03" count="1"/>
        <line num="385" type="stmt" count="1"/>
        <line num="386" type="stmt" count="0"/>
        <line num="389" type="stmt" count="1"/>
        <line num="390" type="stmt" count="1"/>
        <line num="392" type="stmt" count="1"/>
        <line num="393" type="stmt" count="1"/>
        <line num="396" type="stmt" count="1"/>
        <line num="397" type="stmt" count="1"/>
        <line num="405" type="method" name="selectAsync" visibility="public" complexity="1" crap="1" count="5"/>
        <line num="411" type="stmt" count="5"/>
        <line num="419" type="method" name="showProcesslist" visibility="public" complexity="1" crap="2.00" count="0"/>
        <line num="421" type="stmt" count="0"/>
        <line num="429" type="method" name="showDatabases" visibility="public" complexity="1" crap="2.00" count="0"/>
        <line num="431" type="stmt" count="0"/>
        <line num="439" type="method" name="showCreateTable" visibility="public" complexity="1" crap="2.00" count="0"/>
        <line num="441" type="stmt" count="0"/>
        <line num="449" type="method" name="showTables" visibility="public" complexity="1" crap="1" count="1"/>
        <line num="451" type="stmt" count="1"/>
        <line num="459" type="method" name="getCountPendingQueue" visibility="public" complexity="1" crap="1" count="12"/>
        <line num="461" type="stmt" count="12"/>
        <line num="470" type="method" name="insert" visibility="public" complexity="6" crap="6" count="9"/>
        <line num="472" type="stmt" count="9"/>
        <line num="473" type="stmt" count="1"/>
        <line num="476" type="stmt" count="8"/>
        <line num="477" type="stmt" count="5"/>
        <line num="479" type="stmt" count="8"/>
        <line num="481" type="stmt" count="8"/>
        <line num="482" type="stmt" count="7"/>
        <line num="485" type="stmt" count="8"/>
        <line num="487" type="stmt" count="8"/>
        <line num="488" type="stmt" count="8"/>
        <line num="490" type="stmt" count="8"/>
        <line num="492" type="stmt" count="8"/>
        <line num="502" type="method" name="prepareInsertAssocBulk" visibility="public" complexity="5" crap="5" count="3"/>
        <line num="504" type="stmt" count="3"/>
        <line num="505" type="stmt" count="2"/>
        <line num="506" type="stmt" count="2"/>
        <line num="507" type="stmt" count="2"/>
        <line num="508" type="stmt" count="2"/>
        <line num="509" type="stmt" count="2"/>
        <line num="510" type="stmt" count="1"/>
        <line num="511" type="stmt" count="1"/>
        <line num="512" type="stmt" count="1"/>
        <line num="513" type="stmt" count="1"/>
        <line num="514" type="stmt" count="1"/>
        <line num="515" type="stmt" count="1"/>
        <line num="519" type="stmt" count="2"/>
        <line num="522" type="stmt" count="1"/>
        <line num="523" type="stmt" count="1"/>
        <line num="526" type="stmt" count="2"/>
        <line num="536" type="method" name="insertAssocBulk" visibility="public" complexity="1" crap="2.00" count="0"/>
        <line num="538" type="stmt" count="0"/>
        <line num="540" type="stmt" count="0"/>
        <line num="550" type="method" name="insertBatchTSVFiles" visibility="public" complexity="1" crap="1" count="1"/>
        <line num="552" type="stmt" count="1"/>
        <line num="564" type="method" name="insertBatchFiles" visibility="public" complexity="11" crap="12.89" count="8"/>
        <line num="566" type="stmt" count="8"/>
        <line num="567" type="stmt" count="0"/>
        <line num="569" type="stmt" count="8"/>
        <line num="570" type="stmt" count="0"/>
        <line num="573" type="stmt" count="8"/>
        <line num="574" type="stmt" count="0"/>
        <line num="577" type="stmt" count="8"/>
        <line num="579" type="stmt" count="8"/>
        <line num="580" type="stmt" count="8"/>
        <line num="581" type="stmt" count="0"/>
        <line num="584" type="stmt" count="8"/>
        <line num="585" type="stmt" count="0"/>
        <line num="587" type="stmt" count="8"/>
        <line num="589" type="stmt" count="8"/>
        <line num="593" type="stmt" count="8"/>
        <line num="596" type="stmt" count="8"/>
        <line num="597" type="stmt" count="8"/>
        <line num="598" type="stmt" count="6"/>
        <line num="601" type="stmt" count="2"/>
        <line num="604" type="stmt" count="6"/>
        <line num="614" type="method" name="insertBatchStream" visibility="public" complexity="4" crap="4.84" count="2"/>
        <line num="616" type="stmt" count="2"/>
        <line num="617" type="stmt" count="0"/>
        <line num="620" type="stmt" count="2"/>
        <line num="621" type="stmt" count="0"/>
        <line num="624" type="stmt" count="2"/>
        <line num="625" type="stmt" count="0"/>
        <line num="627" type="stmt" count="2"/>
        <line num="630" type="stmt" count="2"/>
        <line num="640" type="method" name="streamWrite" visibility="public" complexity="2" crap="2.15" count="1"/>
        <line num="642" type="stmt" count="1"/>
        <line num="643" type="stmt" count="0"/>
        <line num="646" type="stmt" count="1"/>
        <line num="655" type="method" name="streamRead" visibility="public" complexity="2" crap="2.15" count="1"/>
        <line num="657" type="stmt" count="1"/>
        <line num="658" type="stmt" count="0"/>
        <line num="661" type="stmt" count="1"/>
        <line num="669" type="method" name="databaseSize" visibility="public" complexity="1" crap="2.00" count="0"/>
        <line num="671" type="stmt" count="0"/>
        <line num="673" type="stmt" count="0"/>
        <line num="674" type="stmt" count="0"/>
        <line num="680" type="stmt" count="0"/>
        <line num="681" type="stmt" count="0"/>
        <line num="689" type="method" name="tableSize" visibility="public" complexity="2" crap="2.06" count="1"/>
        <line num="691" type="stmt" count="1"/>
        <line num="693" type="stmt" count="1"/>
        <line num="694" type="stmt" count="1"/>
        <line num="697" type="stmt" count="0"/>
        <line num="705" type="method" name="ping" visibility="public" complexity="1" crap="1" count="39"/>
        <line num="707" type="stmt" count="39"/>
        <line num="716" type="method" name="tablesSize" visibility="public" complexity="2" crap="2.03" count="1"/>
        <line num="718" type="stmt" count="1"/>
        <line num="739" type="stmt" count="1"/>
        <line num="741" type="stmt" count="1"/>
        <line num="742" type="stmt" count="0"/>
        <line num="745" type="stmt" count="1"/>
        <line num="753" type="method" name="isExists" visibility="public" complexity="1" crap="2.00" count="0"/>
        <line num="755" type="stmt" count="0"/>
        <line num="759" type="stmt" count="0"/>
        <line num="760" type="stmt" count="0"/>
        <line num="768" type="method" name="partitions" visibility="public" complexity="3" crap="12.00" count="0"/>
        <line num="770" type="stmt" count="0"/>
        <line num="771" type="stmt" count="0"/>
        <line num="772" type="stmt" count="0"/>
        <line num="774" type="stmt" count="0"/>
        <line num="777" type="stmt" count="0"/>
        <line num="778" type="stmt" count="0"/>
        <line num="780" type="stmt" count="0"/>
        <line num="788" type="method" name="dropPartition" visibility="public" complexity="1" crap="2.00" count="0"/>
        <line num="791" type="stmt" count="0"/>
        <line num="792" type="stmt" count="0"/>
        <line num="793" type="stmt" count="0"/>
        <line num="795" type="stmt" count="0"/>
        <line num="796" type="stmt" count="0"/>
        <line num="799" type="stmt" count="0"/>
        <line num="807" type="method" name="truncateTable" visibility="public" complexity="2" crap="6.00" count="0"/>
        <line num="809" type="stmt" count="0"/>
        <line num="810" type="stmt" count="0"/>
        <line num="811" type="stmt" count="0"/>
        <line num="812" type="stmt" count="0"/>
        <line num="813" type="stmt" count="0"/>
        <line num="816" type="stmt" count="0"/>
        <line num="825" type="method" name="getServerUptime" visibility="public" complexity="1" crap="1" count="1"/>
        <line num="827" type="stmt" count="1"/>
        <line num="833" type="method" name="getServerVersion" visibility="public" complexity="1" crap="1" count="1"/>
        <line num="835" type="stmt" count="1"/>
        <line num="843" type="method" name="getServerSystemSettings" visibility="public" complexity="4" crap="4" count="1"/>
        <line num="845" type="stmt" count="1"/>
        <line num="846" type="stmt" count="1"/>
        <line num="847" type="stmt" count="1"/>
        <line num="848" type="stmt" count="1"/>
        <line num="849" type="stmt" count="1"/>
        <line num="850" type="stmt" count="1"/>
        <line num="851" type="stmt" count="1"/>
        <line num="852" type="stmt" count="1"/>
        <line num="856" type="stmt" count="1"/>
        <line num="867" type="method" name="dropOldPartitions" visibility="public" complexity="5" crap="30.00" count="0"/>
        <line num="869" type="stmt" count="0"/>
        <line num="871" type="stmt" count="0"/>
        <line num="872" type="stmt" count="0"/>
        <line num="874" type="stmt" count="0"/>
        <line num="875" type="stmt" count="0"/>
        <line num="876" type="stmt" count="0"/>
        <line num="880" type="stmt" count="0"/>
        <line num="882" type="stmt" count="0"/>
        <line num="883" type="stmt" count="0"/>
        <line num="887" type="stmt" count="0"/>
        <line num="888" type="stmt" count="0"/>
        <line num="889" type="stmt" count="0"/>
        <line num="892" type="stmt" count="0"/>
        <metrics loc="894" ncloc="615" classes="1" methods="56" coveredmethods="25" conditionals="0" coveredconditionals="0" statements="211" coveredstatements="129" elements="267" coveredelements="154"/>
      </file>
      <file name="/var/www/phpClickHouse/src/Cluster.php">
        <class name="ClickHouseDB\Cluster" namespace="ClickHouseDB">
          <metrics complexity="73" methods="26" coveredmethods="0" conditionals="0" coveredconditionals="0" statements="310" coveredstatements="0" elements="336" coveredelements="0"/>
        </class>
        <line num="88" type="method" name="__construct" visibility="public" complexity="1" crap="2.00" count="0"/>
        <line num="89" type="stmt" count="0"/>
        <line num="90" type="stmt" count="0"/>
        <line num="91" type="stmt" count="0"/>
        <line num="92" type="stmt" count="0"/>
        <line num="93" type="stmt" count="0"/>
        <line num="98" type="method" name="defaultClient" visibility="private" complexity="1" crap="2.00" count="0"/>
        <line num="99" type="stmt" count="0"/>
        <line num="100" type="stmt" count="0"/>
        <line num="101" type="stmt" count="0"/>
        <line num="106" type="method" name="setSoftCheck" visibility="public" complexity="1" crap="2.00" count="0"/>
        <line num="107" type="stmt" count="0"/>
        <line num="108" type="stmt" count="0"/>
        <line num="109" type="stmt" count="0"/>
        <line num="114" type="method" name="setScanTimeOut" visibility="public" complexity="1" crap="2.00" count="0"/>
        <line num="115" type="stmt" count="0"/>
        <line num="116" type="stmt" count="0"/>
        <line num="117" type="stmt" count="0"/>
        <line num="122" type="method" name="setNodes" visibility="public" complexity="1" crap="2.00" count="0"/>
        <line num="123" type="stmt" count="0"/>
        <line num="124" type="stmt" count="0"/>
        <line num="125" type="stmt" count="0"/>
        <line num="130" type="method" name="getNodes" visibility="public" complexity="1" crap="2.00" count="0"/>
        <line num="131" type="stmt" count="0"/>
        <line num="132" type="stmt" count="0"/>
        <line num="133" type="stmt" count="0"/>
        <line num="138" type="method" name="getBadNodes" visibility="public" complexity="1" crap="2.00" count="0"/>
        <line num="139" type="stmt" count="0"/>
        <line num="140" type="stmt" count="0"/>
        <line num="141" type="stmt" count="0"/>
        <line num="150" type="method" name="connect" visibility="public" complexity="2" crap="6.00" count="0"/>
        <line num="151" type="stmt" count="0"/>
        <line num="152" type="stmt" count="0"/>
        <line num="153" type="stmt" count="0"/>
        <line num="154" type="stmt" count="0"/>
        <line num="155" type="stmt" count="0"/>
        <line num="156" type="stmt" count="0"/>
        <line num="166" type="method" name="isReplicasWork" visibility="private" complexity="13" crap="182.00" count="0"/>
        <line num="167" type="stmt" count="0"/>
        <line num="168" type="stmt" count="0"/>
        <line num="169" type="stmt" count="0"/>
        <line num="172" type="stmt" count="0"/>
        <line num="173" type="stmt" count="0"/>
        <line num="174" type="stmt" count="0"/>
        <line num="175" type="stmt" count="0"/>
        <line num="176" type="stmt" count="0"/>
        <line num="177" type="stmt" count="0"/>
        <line num="178" type="stmt" count="0"/>
        <line num="179" type="stmt" count="0"/>
        <line num="180" type="stmt" count="0"/>
        <line num="181" type="stmt" count="0"/>
        <line num="182" type="stmt" count="0"/>
        <line num="183" type="stmt" count="0"/>
        <line num="184" type="stmt" count="0"/>
        <line num="185" type="stmt" count="0"/>
        <line num="186" type="stmt" count="0"/>
        <line num="187" type="stmt" count="0"/>
        <line num="188" type="stmt" count="0"/>
        <line num="189" type="stmt" count="0"/>
        <line num="190" type="stmt" count="0"/>
        <line num="194" type="stmt" count="0"/>
        <line num="195" type="stmt" count="0"/>
        <line num="196" type="stmt" count="0"/>
        <line num="197" type="stmt" count="0"/>
        <line num="198" type="stmt" count="0"/>
        <line num="199" type="stmt" count="0"/>
        <line num="200" type="stmt" count="0"/>
        <line num="202" type="stmt" count="0"/>
        <line num="203" type="stmt" count="0"/>
        <line num="204" type="stmt" count="0"/>
        <line num="205" type="stmt" count="0"/>
        <line num="206" type="stmt" count="0"/>
        <line num="207" type="stmt" count="0"/>
        <line num="208" type="stmt" count="0"/>
        <line num="209" type="stmt" count="0"/>
        <line num="210" type="stmt" count="0"/>
        <line num="211" type="stmt" count="0"/>
        <line num="212" type="stmt" count="0"/>
        <line num="213" type="stmt" count="0"/>
        <line num="214" type="stmt" count="0"/>
        <line num="215" type="stmt" count="0"/>
        <line num="216" type="stmt" count="0"/>
        <line num="217" type="stmt" count="0"/>
        <line num="218" type="stmt" count="0"/>
        <line num="219" type="stmt" count="0"/>
        <line num="221" type="method" name="getSelectSystemReplicas" visibility="private" complexity="1" crap="2.00" count="0"/>
        <line num="222" type="stmt" count="0"/>
        <line num="226" type="stmt" count="0"/>
        <line num="227" type="stmt" count="0"/>
        <line num="228" type="stmt" count="0"/>
        <line num="229" type="stmt" count="0"/>
        <line num="230" type="stmt" count="0"/>
        <line num="231" type="stmt" count="0"/>
        <line num="233" type="stmt" count="0"/>
        <line num="239" type="method" name="rescan" visibility="public" complexity="10" crap="110.00" count="0"/>
        <line num="240" type="stmt" count="0"/>
        <line num="241" type="stmt" count="0"/>
        <line num="249" type="stmt" count="0"/>
        <line num="250" type="stmt" count="0"/>
        <line num="251" type="stmt" count="0"/>
        <line num="253" type="stmt" count="0"/>
        <line num="254" type="stmt" count="0"/>
        <line num="256" type="stmt" count="0"/>
        <line num="257" type="stmt" count="0"/>
        <line num="262" type="stmt" count="0"/>
        <line num="263" type="stmt" count="0"/>
        <line num="265" type="stmt" count="0"/>
        <line num="266" type="stmt" count="0"/>
        <line num="267" type="stmt" count="0"/>
        <line num="268" type="stmt" count="0"/>
        <line num="269" type="stmt" count="0"/>
        <line num="271" type="stmt" count="0"/>
        <line num="274" type="stmt" count="0"/>
        <line num="275" type="stmt" count="0"/>
        <line num="276" type="stmt" count="0"/>
        <line num="277" type="stmt" count="0"/>
        <line num="278" type="stmt" count="0"/>
        <line num="279" type="stmt" count="0"/>
        <line num="280" type="stmt" count="0"/>
        <line num="281" type="stmt" count="0"/>
        <line num="282" type="stmt" count="0"/>
        <line num="283" type="stmt" count="0"/>
        <line num="284" type="stmt" count="0"/>
        <line num="286" type="stmt" count="0"/>
        <line num="288" type="stmt" count="0"/>
        <line num="289" type="stmt" count="0"/>
        <line num="290" type="stmt" count="0"/>
        <line num="291" type="stmt" count="0"/>
        <line num="292" type="stmt" count="0"/>
        <line num="293" type="stmt" count="0"/>
        <line num="294" type="stmt" count="0"/>
        <line num="295" type="stmt" count="0"/>
        <line num="296" type="stmt" count="0"/>
        <line num="297" type="stmt" count="0"/>
        <line num="298" type="stmt" count="0"/>
        <line num="299" type="stmt" count="0"/>
        <line num="300" type="stmt" count="0"/>
        <line num="302" type="stmt" count="0"/>
        <line num="303" type="stmt" count="0"/>
        <line num="305" type="stmt" count="0"/>
        <line num="306" type="stmt" count="0"/>
        <line num="308" type="stmt" count="0"/>
        <line num="309" type="stmt" count="0"/>
        <line num="310" type="stmt" count="0"/>
        <line num="313" type="stmt" count="0"/>
        <line num="314" type="stmt" count="0"/>
        <line num="315" type="stmt" count="0"/>
        <line num="316" type="stmt" count="0"/>
        <line num="317" type="stmt" count="0"/>
        <line num="319" type="stmt" count="0"/>
        <line num="322" type="stmt" count="0"/>
        <line num="325" type="stmt" count="0"/>
        <line num="328" type="stmt" count="0"/>
        <line num="329" type="stmt" count="0"/>
        <line num="330" type="stmt" count="0"/>
        <line num="333" type="stmt" count="0"/>
        <line num="334" type="stmt" count="0"/>
        <line num="335" type="stmt" count="0"/>
        <line num="336" type="stmt" count="0"/>
        <line num="337" type="stmt" count="0"/>
        <line num="338" type="stmt" count="0"/>
        <line num="339" type="stmt" count="0"/>
        <line num="340" type="stmt" count="0"/>
        <line num="342" type="stmt" count="0"/>
        <line num="343" type="stmt" count="0"/>
        <line num="349" type="method" name="isReplicasIsOk" visibility="public" complexity="1" crap="2.00" count="0"/>
        <line num="350" type="stmt" count="0"/>
        <line num="351" type="stmt" count="0"/>
        <line num="352" type="stmt" count="0"/>
        <line num="358" type="method" name="client" visibility="public" complexity="2" crap="6.00" count="0"/>
        <line num="359" type="stmt" count="0"/>
        <line num="361" type="stmt" count="0"/>
        <line num="362" type="stmt" count="0"/>
        <line num="363" type="stmt" count="0"/>
        <line num="365" type="stmt" count="0"/>
        <line num="367" type="stmt" count="0"/>
        <line num="368" type="stmt" count="0"/>
        <line num="374" type="method" name="clientLike" visibility="public" complexity="8" crap="72.00" count="0"/>
        <line num="375" type="stmt" count="0"/>
        <line num="376" type="stmt" count="0"/>
        <line num="377" type="stmt" count="0"/>
        <line num="378" type="stmt" count="0"/>
        <line num="379" type="stmt" count="0"/>
        <line num="380" type="stmt" count="0"/>
        <line num="381" type="stmt" count="0"/>
        <line num="382" type="stmt" count="0"/>
        <line num="383" type="stmt" count="0"/>
        <line num="385" type="stmt" count="0"/>
        <line num="386" type="stmt" count="0"/>
        <line num="387" type="stmt" count="0"/>
        <line num="388" type="stmt" count="0"/>
        <line num="389" type="stmt" count="0"/>
        <line num="390" type="stmt" count="0"/>
        <line num="391" type="stmt" count="0"/>
        <line num="393" type="stmt" count="0"/>
        <line num="395" type="stmt" count="0"/>
        <line num="396" type="stmt" count="0"/>
        <line num="397" type="stmt" count="0"/>
        <line num="398" type="stmt" count="0"/>
        <line num="399" type="stmt" count="0"/>
        <line num="400" type="stmt" count="0"/>
        <line num="401" type="stmt" count="0"/>
        <line num="402" type="stmt" count="0"/>
        <line num="403" type="stmt" count="0"/>
        <line num="404" type="stmt" count="0"/>
        <line num="405" type="stmt" count="0"/>
        <line num="406" type="stmt" count="0"/>
        <line num="407" type="stmt" count="0"/>
        <line num="408" type="stmt" count="0"/>
        <line num="412" type="method" name="activeClient" visibility="public" complexity="1" crap="2.00" count="0"/>
        <line num="413" type="stmt" count="0"/>
        <line num="414" type="stmt" count="0"/>
        <line num="415" type="stmt" count="0"/>
        <line num="422" type="method" name="getClusterCountShard" visibility="public" complexity="2" crap="6.00" count="0"/>
        <line num="423" type="stmt" count="0"/>
        <line num="424" type="stmt" count="0"/>
        <line num="425" type="stmt" count="0"/>
        <line num="426" type="stmt" count="0"/>
        <line num="427" type="stmt" count="0"/>
        <line num="428" type="stmt" count="0"/>
        <line num="429" type="stmt" count="0"/>
        <line num="430" type="stmt" count="0"/>
        <line num="437" type="method" name="getClusterCountReplica" visibility="public" complexity="2" crap="6.00" count="0"/>
        <line num="438" type="stmt" count="0"/>
        <line num="439" type="stmt" count="0"/>
        <line num="440" type="stmt" count="0"/>
        <line num="441" type="stmt" count="0"/>
        <line num="442" type="stmt" count="0"/>
        <line num="443" type="stmt" count="0"/>
        <line num="444" type="stmt" count="0"/>
        <line num="445" type="stmt" count="0"/>
        <line num="452" type="method" name="getClusterInfoTable" visibility="public" complexity="2" crap="6.00" count="0"/>
        <line num="453" type="stmt" count="0"/>
        <line num="454" type="stmt" count="0"/>
        <line num="455" type="stmt" count="0"/>
        <line num="456" type="stmt" count="0"/>
        <line num="457" type="stmt" count="0"/>
        <line num="458" type="stmt" count="0"/>
        <line num="459" type="stmt" count="0"/>
        <line num="466" type="method" name="getClusterNodes" visibility="public" complexity="1" crap="2.00" count="0"/>
        <line num="467" type="stmt" count="0"/>
        <line num="468" type="stmt" count="0"/>
        <line num="469" type="stmt" count="0"/>
        <line num="475" type="method" name="getClusterList" visibility="public" complexity="1" crap="2.00" count="0"/>
        <line num="476" type="stmt" count="0"/>
        <line num="477" type="stmt" count="0"/>
        <line num="478" type="stmt" count="0"/>
        <line num="479" type="stmt" count="0"/>
        <line num="487" type="method" name="getTables" visibility="public" complexity="4" crap="20.00" count="0"/>
        <line num="488" type="stmt" count="0"/>
        <line num="489" type="stmt" count="0"/>
        <line num="490" type="stmt" count="0"/>
        <line num="491" type="stmt" count="0"/>
        <line num="492" type="stmt" count="0"/>
        <line num="493" type="stmt" count="0"/>
        <line num="494" type="stmt" count="0"/>
        <line num="496" type="stmt" count="0"/>
        <line num="497" type="stmt" count="0"/>
        <line num="498" type="stmt" count="0"/>
        <line num="499" type="stmt" count="0"/>
        <line num="500" type="stmt" count="0"/>
        <line num="501" type="stmt" count="0"/>
        <line num="502" type="stmt" count="0"/>
        <line num="503" type="stmt" count="0"/>
        <line num="504" type="stmt" count="0"/>
        <line num="505" type="stmt" count="0"/>
        <line num="506" type="stmt" count="0"/>
        <line num="516" type="method" name="getSizeTable" visibility="public" complexity="6" crap="42.00" count="0"/>
        <line num="517" type="stmt" count="0"/>
        <line num="518" type="stmt" count="0"/>
        <line num="520" type="stmt" count="0"/>
        <line num="521" type="stmt" count="0"/>
        <line num="522" type="stmt" count="0"/>
        <line num="523" type="stmt" count="0"/>
        <line num="524" type="stmt" count="0"/>
        <line num="525" type="stmt" count="0"/>
        <line num="526" type="stmt" count="0"/>
        <line num="528" type="stmt" count="0"/>
        <line num="529" type="stmt" count="0"/>
        <line num="530" type="stmt" count="0"/>
        <line num="531" type="stmt" count="0"/>
        <line num="532" type="stmt" count="0"/>
        <line num="533" type="stmt" count="0"/>
        <line num="534" type="stmt" count="0"/>
        <line num="538" type="stmt" count="0"/>
        <line num="539" type="stmt" count="0"/>
        <line num="541" type="stmt" count="0"/>
        <line num="542" type="stmt" count="0"/>
        <line num="543" type="stmt" count="0"/>
        <line num="544" type="stmt" count="0"/>
        <line num="545" type="stmt" count="0"/>
        <line num="546" type="stmt" count="0"/>
        <line num="556" type="method" name="truncateTable" visibility="public" complexity="2" crap="6.00" count="0"/>
        <line num="557" type="stmt" count="0"/>
        <line num="558" type="stmt" count="0"/>
        <line num="559" type="stmt" count="0"/>
        <line num="560" type="stmt" count="0"/>
        <line num="562" type="stmt" count="0"/>
        <line num="563" type="stmt" count="0"/>
        <line num="564" type="stmt" count="0"/>
        <line num="565" type="stmt" count="0"/>
        <line num="566" type="stmt" count="0"/>
        <line num="567" type="stmt" count="0"/>
        <line num="568" type="stmt" count="0"/>
        <line num="569" type="stmt" count="0"/>
        <line num="570" type="stmt" count="0"/>
        <line num="579" type="method" name="getMasterNodeForTable" visibility="public" complexity="4" crap="20.00" count="0"/>
        <line num="580" type="stmt" count="0"/>
        <line num="581" type="stmt" count="0"/>
        <line num="583" type="stmt" count="0"/>
        <line num="584" type="stmt" count="0"/>
        <line num="585" type="stmt" count="0"/>
        <line num="588" type="stmt" count="0"/>
        <line num="589" type="stmt" count="0"/>
        <line num="590" type="stmt" count="0"/>
        <line num="591" type="stmt" count="0"/>
        <line num="592" type="stmt" count="0"/>
        <line num="593" type="stmt" count="0"/>
        <line num="594" type="stmt" count="0"/>
        <line num="595" type="stmt" count="0"/>
        <line num="596" type="stmt" count="0"/>
        <line num="604" type="method" name="getNodesByTable" visibility="public" complexity="2" crap="6.00" count="0"/>
        <line num="605" type="stmt" count="0"/>
        <line num="606" type="stmt" count="0"/>
        <line num="607" type="stmt" count="0"/>
        <line num="608" type="stmt" count="0"/>
        <line num="609" type="stmt" count="0"/>
        <line num="610" type="stmt" count="0"/>
        <line num="611" type="stmt" count="0"/>
        <line num="618" type="method" name="getError" visibility="public" complexity="2" crap="6.00" count="0"/>
        <line num="619" type="stmt" count="0"/>
        <line num="620" type="stmt" count="0"/>
        <line num="621" type="stmt" count="0"/>
        <line num="622" type="stmt" count="0"/>
        <line num="623" type="stmt" count="0"/>
        <line num="624" type="stmt" count="0"/>
        <metrics loc="626" ncloc="409" classes="1" methods="26" coveredmethods="0" conditionals="0" coveredconditionals="0" statements="310" coveredstatements="0" elements="336" coveredelements="0"/>
      </file>
      <file name="/var/www/phpClickHouse/src/Settings.php">
        <class name="ClickHouseDB\Settings" namespace="ClickHouseDB">
          <metrics complexity="25" methods="21" coveredmethods="17" conditionals="0" coveredconditionals="0" statements="41" coveredstatements="35" elements="62" coveredelements="52"/>
        </class>
        <line num="30" type="method" name="__construct" visibility="public" complexity="1" crap="1" count="63"/>
        <line num="33" type="stmt" count="63"/>
        <line num="40" type="stmt" count="63"/>
        <line num="41" type="stmt" count="63"/>
        <line num="42" type="stmt" count="63"/>
        <line num="48" type="method" name="get" visibility="public" complexity="2" crap="2.15" count="50"/>
        <line num="50" type="stmt" count="50"/>
        <line num="51" type="stmt" count="0"/>
        <line num="53" type="stmt" count="50"/>
        <line num="60" type="method" name="is" visibility="public" complexity="1" crap="1" count="50"/>
        <line num="62" type="stmt" count="50"/>
        <line num="71" type="method" name="set" visibility="public" complexity="1" crap="1" count="63"/>
        <line num="73" type="stmt" count="63"/>
        <line num="74" type="stmt" count="63"/>
        <line num="80" type="method" name="getDatabase" visibility="public" complexity="1" crap="1" count="1"/>
        <line num="82" type="stmt" count="1"/>
        <line num="89" type="method" name="database" visibility="public" complexity="1" crap="1" count="63"/>
        <line num="91" type="stmt" count="63"/>
        <line num="92" type="stmt" count="63"/>
        <line num="98" type="method" name="getTimeOut" visibility="public" complexity="1" crap="1" count="41"/>
        <line num="100" type="stmt" count="41"/>
        <line num="106" type="method" name="isEnableHttpCompression" visibility="public" complexity="1" crap="1" count="40"/>
        <line num="108" type="stmt" count="40"/>
        <line num="115" type="method" name="enableHttpCompression" visibility="public" complexity="1" crap="1" count="63"/>
        <line num="117" type="stmt" count="63"/>
        <line num="118" type="stmt" count="63"/>
        <line num="122" type="method" name="https" visibility="public" complexity="1" crap="1" count="1"/>
        <line num="124" type="stmt" count="1"/>
        <line num="125" type="stmt" count="1"/>
        <line num="128" type="method" name="isHttps" visibility="public" complexity="1" crap="1" count="50"/>
        <line num="130" type="stmt" count="50"/>
        <line num="138" type="method" name="readonly" visibility="public" complexity="1" crap="2.00" count="0"/>
        <line num="140" type="stmt" count="0"/>
        <line num="141" type="stmt" count="0"/>
        <line num="148" type="method" name="session_id" visibility="public" complexity="1" crap="1" count="2"/>
        <line num="150" type="stmt" count="2"/>
        <line num="151" type="stmt" count="2"/>
        <line num="156" type="method" name="getSessionId" visibility="public" complexity="2" crap="2" count="41"/>
        <line num="158" type="stmt" count="41"/>
        <line num="159" type="stmt" count="41"/>
        <line num="161" type="stmt" count="2"/>
        <line num="167" type="method" name="makeSessionId" visibility="public" complexity="1" crap="1" count="2"/>
        <line num="169" type="stmt" count="2"/>
        <line num="170" type="stmt" count="2"/>
        <line num="177" type="method" name="max_execution_time" visibility="public" complexity="1" crap="1" count="2"/>
        <line num="179" type="stmt" count="2"/>
        <line num="180" type="stmt" count="2"/>
        <line num="186" type="method" name="getSettings" visibility="public" complexity="1" crap="1" count="40"/>
        <line num="188" type="stmt" count="40"/>
        <line num="195" type="method" name="apply" visibility="public" complexity="2" crap="2" count="1"/>
        <line num="197" type="stmt" count="1"/>
        <line num="198" type="stmt" count="1"/>
        <line num="201" type="stmt" count="1"/>
        <line num="207" type="method" name="setReadOnlyUser" visibility="public" complexity="1" crap="2.00" count="0"/>
        <line num="209" type="stmt" count="0"/>
        <line num="210" type="stmt" count="0"/>
        <line num="215" type="method" name="isReadOnlyUser" visibility="public" complexity="1" crap="1" count="40"/>
        <line num="217" type="stmt" count="40"/>
        <line num="224" type="method" name="getSetting" visibility="public" complexity="2" crap="2.15" count="41"/>
        <line num="226" type="stmt" count="41"/>
        <line num="227" type="stmt" count="0"/>
        <line num="230" type="stmt" count="41"/>
        <metrics loc="232" ncloc="154" classes="1" methods="21" coveredmethods="17" conditionals="0" coveredconditionals="0" statements="41" coveredstatements="35" elements="62" coveredelements="52"/>
      </file>
      <file name="/var/www/phpClickHouse/src/Statement.php">
        <class name="ClickHouseDB\Statement" namespace="ClickHouseDB">
          <metrics complexity="61" methods="28" coveredmethods="13" conditionals="0" coveredconditionals="0" statements="142" coveredstatements="102" elements="170" coveredelements="115"/>
        </class>
        <line num="84" type="method" name="__construct" visibility="public" complexity="1" crap="1" count="40"/>
        <line num="86" type="stmt" count="40"/>
        <line num="87" type="stmt" count="40"/>
        <line num="88" type="stmt" count="40"/>
        <line num="89" type="stmt" count="40"/>
        <line num="90" type="stmt" count="40"/>
        <line num="95" type="method" name="getRequest" visibility="public" complexity="1" crap="2.00" count="0"/>
        <line num="97" type="stmt" count="0"/>
        <line num="104" type="method" name="response" visibility="private" complexity="1" crap="1" count="36"/>
        <line num="106" type="stmt" count="36"/>
        <line num="113" type="method" name="responseInfo" visibility="public" complexity="1" crap="1" count="1"/>
        <line num="115" type="stmt" count="1"/>
        <line num="121" type="method" name="sql" visibility="public" complexity="1" crap="1" count="9"/>
        <line num="123" type="stmt" count="9"/>
        <line num="130" type="method" name="parseErrorClickHouse" visibility="private" complexity="2" crap="2.03" count="5"/>
        <line num="132" type="stmt" count="5"/>
        <line num="133" type="stmt" count="5"/>
        <line num="139" type="stmt" count="5"/>
        <line num="140" type="stmt" count="5"/>
        <line num="143" type="stmt" count="0"/>
        <line num="150" type="method" name="error" visibility="public" complexity="5" crap="5.07" count="8"/>
        <line num="152" type="stmt" count="8"/>
        <line num="153" type="stmt" count="2"/>
        <line num="156" type="stmt" count="6"/>
        <line num="157" type="stmt" count="6"/>
        <line num="158" type="stmt" count="6"/>
        <line num="160" type="stmt" count="6"/>
        <line num="161" type="stmt" count="5"/>
        <line num="163" type="stmt" count="5"/>
        <line num="164" type="stmt" count="5"/>
        <line num="166" type="stmt" count="0"/>
        <line num="167" type="stmt" count="0"/>
        <line num="170" type="stmt" count="1"/>
        <line num="171" type="stmt" count="1"/>
        <line num="174" type="stmt" count="1"/>
        <line num="181" type="method" name="isError" visibility="public" complexity="2" crap="2" count="36"/>
        <line num="183" type="stmt" count="36"/>
        <line num="186" type="method" name="check" visibility="private" complexity="3" crap="3.07" count="29"/>
        <line num="188" type="stmt" count="29"/>
        <line num="189" type="stmt" count="0"/>
        <line num="192" type="stmt" count="29"/>
        <line num="193" type="stmt" count="1"/>
        <line num="196" type="stmt" count="28"/>
        <line num="203" type="method" name="init" visibility="private" complexity="11" crap="11.50" count="27"/>
        <line num="205" type="stmt" count="27"/>
        <line num="206" type="stmt" count="0"/>
        <line num="209" type="stmt" count="27"/>
        <line num="212" type="stmt" count="26"/>
        <line num="214" type="stmt" count="26"/>
        <line num="215" type="stmt" count="0"/>
        <line num="216" type="stmt" count="0"/>
        <line num="218" type="stmt" count="26"/>
        <line num="219" type="stmt" count="26"/>
        <line num="221" type="stmt" count="26"/>
        <line num="222" type="stmt" count="26"/>
        <line num="224" type="stmt" count="26"/>
        <line num="227" type="stmt" count="26"/>
        <line num="233" type="stmt" count="26"/>
        <line num="234" type="stmt" count="0"/>
        <line num="237" type="stmt" count="26"/>
        <line num="238" type="stmt" count="26"/>
        <line num="239" type="stmt" count="26"/>
        <line num="240" type="stmt" count="26"/>
        <line num="243" type="stmt" count="26"/>
        <line num="245" type="stmt" count="1"/>
        <line num="248" type="stmt" count="25"/>
        <line num="249" type="stmt" count="25"/>
        <line num="253" type="stmt" count="26"/>
        <line num="256" type="stmt" count="26"/>
        <line num="263" type="method" name="extremes" visibility="public" complexity="1" crap="2.00" count="0"/>
        <line num="265" type="stmt" count="0"/>
        <line num="266" type="stmt" count="0"/>
        <line num="273" type="method" name="totalTimeRequest" visibility="public" complexity="1" crap="1" count="1"/>
        <line num="275" type="stmt" count="1"/>
        <line num="276" type="stmt" count="1"/>
        <line num="284" type="method" name="extremesMin" visibility="public" complexity="2" crap="2.06" count="1"/>
        <line num="286" type="stmt" count="1"/>
        <line num="288" type="stmt" count="1"/>
        <line num="289" type="stmt" count="0"/>
        <line num="292" type="stmt" count="1"/>
        <line num="299" type="method" name="extremesMax" visibility="public" complexity="2" crap="6.00" count="0"/>
        <line num="301" type="stmt" count="0"/>
        <line num="303" type="stmt" count="0"/>
        <line num="304" type="stmt" count="0"/>
        <line num="307" type="stmt" count="0"/>
        <line num="314" type="method" name="totals" visibility="public" complexity="1" crap="1" count="1"/>
        <line num="316" type="stmt" count="1"/>
        <line num="317" type="stmt" count="1"/>
        <line num="323" type="method" name="dumpRaw" visibility="public" complexity="1" crap="2.00" count="0"/>
        <line num="325" type="stmt" count="0"/>
        <line num="326" type="stmt" count="0"/>
        <line num="331" type="method" name="dump" visibility="public" complexity="1" crap="2.00" count="0"/>
        <line num="333" type="stmt" count="0"/>
        <line num="334" type="stmt" count="0"/>
        <line num="335" type="stmt" count="0"/>
        <line num="341" type="method" name="countAll" visibility="public" complexity="1" crap="1" count="2"/>
        <line num="343" type="stmt" count="2"/>
        <line num="344" type="stmt" count="2"/>
        <line num="352" type="method" name="statistics" visibility="public" complexity="4" crap="20.00" count="0"/>
        <line num="354" type="stmt" count="0"/>
        <line num="355" type="stmt" count="0"/>
        <line num="357" type="stmt" count="0"/>
        <line num="358" type="stmt" count="0"/>
        <line num="360" type="stmt" count="0"/>
        <line num="361" type="stmt" count="0"/>
        <line num="363" type="stmt" count="0"/>
        <line num="365" type="stmt" count="0"/>
        <line num="372" type="method" name="count" visibility="public" complexity="1" crap="1" count="8"/>
        <line num="374" type="stmt" count="8"/>
        <line num="375" type="stmt" count="8"/>
        <line num="382" type="method" name="rawData" visibility="public" complexity="2" crap="2.06" count="3"/>
        <line num="384" type="stmt" count="3"/>
        <line num="385" type="stmt" count="0"/>
        <line num="388" type="stmt" count="3"/>
        <line num="390" type="stmt" count="3"/>
        <line num="398" type="method" name="fetchOne" visibility="public" complexity="4" crap="4.03" count="15"/>
        <line num="400" type="stmt" count="15"/>
        <line num="402" type="stmt" count="15"/>
        <line num="403" type="stmt" count="15"/>
        <line num="404" type="stmt" count="15"/>
        <line num="405" type="stmt" count="14"/>
        <line num="407" type="stmt" count="1"/>
        <line num="411" type="stmt" count="2"/>
        <line num="414" type="stmt" count="0"/>
        <line num="422" type="method" name="rowsAsTree" visibility="public" complexity="2" crap="2" count="4"/>
        <line num="424" type="stmt" count="4"/>
        <line num="426" type="stmt" count="4"/>
        <line num="427" type="stmt" count="4"/>
        <line num="428" type="stmt" count="4"/>
        <line num="429" type="stmt" count="4"/>
        <line num="432" type="stmt" count="4"/>
        <line num="441" type="method" name="info_upload" visibility="public" complexity="1" crap="2.00" count="0"/>
        <line num="443" type="stmt" count="0"/>
        <line num="445" type="stmt" count="0"/>
        <line num="446" type="stmt" count="0"/>
        <line num="447" type="stmt" count="0"/>
        <line num="448" type="stmt" count="0"/>
        <line num="458" type="method" name="info" visibility="public" complexity="1" crap="1" count="1"/>
        <line num="460" type="stmt" count="1"/>
        <line num="462" type="stmt" count="1"/>
        <line num="463" type="stmt" count="1"/>
        <line num="464" type="stmt" count="1"/>
        <line num="465" type="stmt" count="1"/>
        <line num="466" type="stmt" count="1"/>
        <line num="467" type="stmt" count="1"/>
        <line num="468" type="stmt" count="1"/>
        <line num="476" type="method" name="getFormat" visibility="public" complexity="1" crap="1" count="1"/>
        <line num="478" type="stmt" count="1"/>
        <line num="485" type="method" name="rows" visibility="public" complexity="1" crap="1" count="9"/>
        <line num="487" type="stmt" count="9"/>
        <line num="488" type="stmt" count="8"/>
        <line num="496" type="method" name="array_to_tree" visibility="private" complexity="6" crap="6.40" count="4"/>
        <line num="498" type="stmt" count="4"/>
        <line num="499" type="stmt" count="0"/>
        <line num="501" type="stmt" count="4"/>
        <line num="502" type="stmt" count="4"/>
        <line num="504" type="stmt" count="4"/>
        <line num="505" type="stmt" count="4"/>
        <line num="506" type="stmt" count="4"/>
        <line num="508" type="stmt" count="0"/>
        <line num="513" type="stmt" count="4"/>
        <line num="514" type="stmt" count="4"/>
        <line num="515" type="stmt" count="4"/>
        <line num="517" type="stmt" count="4"/>
        <line num="518" type="stmt" count="4"/>
        <line num="520" type="stmt" count="0"/>
        <line num="523" type="stmt" count="4"/>
        <line num="525" type="stmt" count="4"/>
        <line num="526" type="stmt" count="0"/>
        <line num="528" type="stmt" count="4"/>
        <metrics loc="530" ncloc="372" classes="1" methods="28" coveredmethods="13" conditionals="0" coveredconditionals="0" statements="142" coveredstatements="102" elements="170" coveredelements="115"/>
      </file>
    </package>
    <file name="/var/www/phpClickHouse/src/Exception/ClickHouseException.php">
      <metrics loc="9" ncloc="9" classes="0" methods="0" coveredmethods="0" conditionals="0" coveredconditionals="0" statements="0" coveredstatements="0" elements="0" coveredelements="0"/>
    </file>
    <package name="ClickHouseDB\Exception">
      <file name="/var/www/phpClickHouse/src/Exception/DatabaseException.php">
        <class name="ClickHouseDB\Exception\DatabaseException" namespace="ClickHouseDB\Exception">
          <metrics complexity="0" methods="0" coveredmethods="0" conditionals="0" coveredconditionals="0" statements="0" coveredstatements="0" elements="0" coveredelements="0"/>
        </class>
        <metrics loc="9" ncloc="9" classes="0" methods="0" coveredmethods="0" conditionals="0" coveredconditionals="0" statements="0" coveredstatements="0" elements="0" coveredelements="0"/>
      </file>
      <file name="/var/www/phpClickHouse/src/Exception/QueryException.php">
        <class name="ClickHouseDB\Exception\QueryException" namespace="ClickHouseDB\Exception">
          <metrics complexity="2" methods="2" coveredmethods="1" conditionals="0" coveredconditionals="0" statements="2" coveredstatements="1" elements="4" coveredelements="2"/>
        </class>
        <line num="11" type="method" name="cannotInsertEmptyValues" visibility="public" complexity="1" crap="1" count="1"/>
        <line num="13" type="stmt" count="1"/>
        <line num="16" type="method" name="noResponse" visibility="public" complexity="1" crap="2.00" count="0"/>
        <line num="18" type="stmt" count="0"/>
        <metrics loc="20" ncloc="20" classes="1" methods="2" coveredmethods="1" conditionals="0" coveredconditionals="0" statements="2" coveredstatements="1" elements="4" coveredelements="2"/>
      </file>
      <file name="/var/www/phpClickHouse/src/Exception/TransportException.php">
        <class name="ClickHouseDB\Exception\TransportException" namespace="ClickHouseDB\Exception">
          <metrics complexity="0" methods="0" coveredmethods="0" conditionals="0" coveredconditionals="0" statements="0" coveredstatements="0" elements="0" coveredelements="0"/>
        </class>
        <metrics loc="11" ncloc="11" classes="0" methods="0" coveredmethods="0" conditionals="0" coveredconditionals="0" statements="0" coveredstatements="0" elements="0" coveredelements="0"/>
      </file>
      <file name="/var/www/phpClickHouse/src/Exception/UnsupportedValueType.php">
        <class name="ClickHouseDB\Exception\UnsupportedValueType" namespace="ClickHouseDB\Exception">
          <metrics complexity="1" methods="1" coveredmethods="1" conditionals="0" coveredconditionals="0" statements="1" coveredstatements="1" elements="2" coveredelements="2"/>
        </class>
        <line num="16" type="method" name="new" visibility="public" complexity="1" crap="1" count="1"/>
        <line num="18" type="stmt" count="1"/>
        <metrics loc="20" ncloc="17" classes="1" methods="1" coveredmethods="1" conditionals="0" coveredconditionals="0" statements="1" coveredstatements="1" elements="2" coveredelements="2"/>
      </file>
    </package>
    <file name="/var/www/phpClickHouse/src/Query/Degeneration.php">
      <metrics loc="7" ncloc="7" classes="0" methods="0" coveredmethods="0" conditionals="0" coveredconditionals="0" statements="0" coveredstatements="0" elements="0" coveredelements="0"/>
    </file>
    <package name="ClickHouseDB\Query\Degeneration">
      <file name="/var/www/phpClickHouse/src/Query/Degeneration/Bindings.php">
        <class name="ClickHouseDB\Query\Degeneration\Bindings" namespace="ClickHouseDB\Query\Degeneration">
          <metrics complexity="11" methods="4" coveredmethods="4" conditionals="0" coveredconditionals="0" statements="30" coveredstatements="30" elements="34" coveredelements="34"/>
        </class>
        <line num="23" type="method" name="bindParams" visibility="public" complexity="2" crap="2" count="51"/>
        <line num="25" type="stmt" count="51"/>
        <line num="26" type="stmt" count="51"/>
        <line num="27" type="stmt" count="22"/>
        <line num="29" type="stmt" count="51"/>
        <line num="35" type="method" name="bindParam" visibility="public" complexity="1" crap="1" count="22"/>
        <line num="37" type="stmt" count="22"/>
        <line num="38" type="stmt" count="22"/>
        <line num="49" type="method" name="compile_binds" visibility="public" complexity="2" crap="2" count="49"/>
        <line num="52" type="stmt" count="22"/>
        <line num="53" type="stmt" count="21"/>
        <line num="56" type="stmt" count="4"/>
        <line num="57" type="stmt" count="49"/>
        <line num="66" type="method" name="process" visibility="public" complexity="6" crap="6" count="50"/>
        <line num="68" type="stmt" count="50"/>
        <line num="69" type="stmt" count="50"/>
        <line num="70" type="stmt" count="50"/>
        <line num="71" type="stmt" count="22"/>
        <line num="72" type="stmt" count="6"/>
        <line num="74" type="stmt" count="6"/>
        <line num="76" type="stmt" count="6"/>
        <line num="77" type="stmt" count="6"/>
        <line num="78" type="stmt" count="6"/>
        <line num="81" type="stmt" count="6"/>
        <line num="83" type="stmt" count="18"/>
        <line num="84" type="stmt" count="18"/>
        <line num="87" type="stmt" count="21"/>
        <line num="88" type="stmt" count="21"/>
        <line num="91" type="stmt" count="21"/>
        <line num="92" type="stmt" count="21"/>
        <line num="96" type="stmt" count="49"/>
        <line num="100" type="stmt" count="49"/>
        <line num="102" type="stmt" count="49"/>
        <line num="104" type="stmt" count="49"/>
        <metrics loc="106" ncloc="71" classes="1" methods="4" coveredmethods="4" conditionals="0" coveredconditionals="0" statements="30" coveredstatements="30" elements="34" coveredelements="34"/>
      </file>
      <file name="/var/www/phpClickHouse/src/Query/Degeneration/Conditions.php">
        <class name="ClickHouseDB\Query\Degeneration\Conditions" namespace="ClickHouseDB\Query\Degeneration">
          <metrics complexity="25" methods="3" coveredmethods="1" conditionals="0" coveredconditionals="0" statements="34" coveredstatements="13" elements="37" coveredelements="14"/>
        </class>
        <line num="17" type="method" name="bindParams" visibility="public" complexity="2" crap="2" count="1"/>
        <line num="19" type="stmt" count="1"/>
        <line num="20" type="stmt" count="1"/>
        <line num="22" type="stmt" count="1"/>
        <line num="25" type="method" name="__ifsets" complexity="16" crap="272.00" count="0"/>
        <line num="27" type="stmt" count="0"/>
        <line num="29" type="stmt" count="0"/>
        <line num="31" type="stmt" count="0"/>
        <line num="34" type="stmt" count="0"/>
        <line num="36" type="stmt" count="0"/>
        <line num="38" type="stmt" count="0"/>
        <line num="40" type="stmt" count="0"/>
        <line num="42" type="stmt" count="0"/>
        <line num="44" type="stmt" count="0"/>
        <line num="45" type="stmt" count="0"/>
        <line num="46" type="stmt" count="0"/>
        <line num="48" type="stmt" count="0"/>
        <line num="50" type="stmt" count="0"/>
        <line num="51" type="stmt" count="0"/>
        <line num="52" type="stmt" count="0"/>
        <line num="54" type="stmt" count="0"/>
        <line num="56" type="stmt" count="0"/>
        <line num="57" type="stmt" count="0"/>
        <line num="58" type="stmt" count="0"/>
        <line num="61" type="stmt" count="0"/>
        <line num="68" type="method" name="process" visibility="public" complexity="7" crap="7.04" count="1"/>
        <line num="70" type="stmt" count="1"/>
        <line num="74" type="stmt" count="1"/>
        <line num="76" type="stmt" count="1"/>
        <line num="77" type="stmt" count="0"/>
        <line num="78" type="stmt" count="1"/>
        <line num="79" type="stmt" count="1"/>
        <line num="83" type="stmt" count="1"/>
        <line num="85" type="stmt" count="1"/>
        <line num="86" type="stmt" count="1"/>
        <line num="88" type="stmt" count="1"/>
        <line num="94" type="stmt" count="1"/>
        <metrics loc="97" ncloc="81" classes="1" methods="3" coveredmethods="1" conditionals="0" coveredconditionals="0" statements="34" coveredstatements="13" elements="37" coveredelements="14"/>
      </file>
    </package>
    <package name="ClickHouseDB\Query">
      <file name="/var/www/phpClickHouse/src/Query/Expression.php">
        <class name="ClickHouseDB\Query\Expression" namespace="ClickHouseDB\Query">
          <metrics complexity="2" methods="2" coveredmethods="2" conditionals="0" coveredconditionals="0" statements="3" coveredstatements="3" elements="5" coveredelements="5"/>
        </class>
        <line num="16" type="method" name="__construct" visibility="public" complexity="1" crap="1" count="2"/>
        <line num="18" type="stmt" count="2"/>
        <line num="19" type="stmt" count="2"/>
        <line num="21" type="method" name="__toString" visibility="public" complexity="1" crap="1" count="2"/>
        <line num="23" type="stmt" count="2"/>
        <metrics loc="25" ncloc="20" classes="1" methods="2" coveredmethods="2" conditionals="0" coveredconditionals="0" statements="3" coveredstatements="3" elements="5" coveredelements="5"/>
      </file>
      <file name="/var/www/phpClickHouse/src/Query/Query.php">
        <class name="ClickHouseDB\Query\Query" namespace="ClickHouseDB\Query">
          <metrics complexity="14" methods="6" coveredmethods="4" conditionals="0" coveredconditionals="0" statements="25" coveredstatements="23" elements="31" coveredelements="27"/>
        </class>
        <line num="30" type="method" name="__construct" visibility="public" complexity="2" crap="2" count="41"/>
        <line num="32" type="stmt" count="41"/>
        <line num="34" type="stmt" count="1"/>
        <line num="36" type="stmt" count="40"/>
        <line num="37" type="stmt" count="40"/>
        <line num="38" type="stmt" count="40"/>
        <line num="43" type="method" name="setFormat" visibility="public" complexity="1" crap="1" count="34"/>
        <line num="45" type="stmt" count="34"/>
        <line num="46" type="stmt" count="34"/>
        <line num="49" type="method" name="applyFormatQuery" visibility="private" complexity="4" crap="4.02" count="34"/>
        <line num="52" type="stmt" count="34"/>
        <line num="53" type="stmt" count="0"/>
        <line num="56" type="stmt" count="34"/>
        <line num="58" type="stmt" count="34"/>
        <line num="59" type="stmt" count="34"/>
        <line num="62" type="stmt" count="2"/>
        <line num="65" type="stmt" count="2"/>
        <line num="69" type="stmt" count="32"/>
        <line num="77" type="stmt" count="34"/>
        <line num="82" type="method" name="getFormat" visibility="public" complexity="1" crap="1" count="40"/>
        <line num="85" type="stmt" count="40"/>
        <line num="88" type="method" name="toSql" visibility="public" complexity="5" crap="5" count="40"/>
        <line num="90" type="stmt" count="40"/>
        <line num="91" type="stmt" count="34"/>
        <line num="94" type="stmt" count="40"/>
        <line num="96" type="stmt" count="40"/>
        <line num="98" type="stmt" count="40"/>
        <line num="99" type="stmt" count="40"/>
        <line num="104" type="stmt" count="40"/>
        <line num="110" type="method" name="__toString" visibility="public" complexity="1" crap="2.00" count="0"/>
        <line num="112" type="stmt" count="0"/>
        <metrics loc="114" ncloc="87" classes="1" methods="6" coveredmethods="4" conditionals="0" coveredconditionals="0" statements="25" coveredstatements="23" elements="31" coveredelements="27"/>
      </file>
      <file name="/var/www/phpClickHouse/src/Query/WhereInFile.php">
        <class name="ClickHouseDB\Query\WhereInFile" namespace="ClickHouseDB\Query">
          <metrics complexity="10" methods="5" coveredmethods="4" conditionals="0" coveredconditionals="0" statements="22" coveredstatements="21" elements="27" coveredelements="25"/>
        </class>
        <line num="34" type="method" name="attachFile" visibility="public" complexity="2" crap="2.01" count="1"/>
        <line num="36" type="stmt" count="1"/>
        <line num="37" type="stmt" count="0"/>
        <line num="40" type="stmt" count="1"/>
        <line num="41" type="stmt" count="1"/>
        <line num="42" type="stmt" count="1"/>
        <line num="43" type="stmt" count="1"/>
        <line num="45" type="stmt" count="1"/>
        <line num="50" type="method" name="size" visibility="public" complexity="1" crap="1" count="1"/>
        <line num="52" type="stmt" count="1"/>
        <line num="58" type="method" name="fetchFiles" visibility="public" complexity="2" crap="2" count="1"/>
        <line num="60" type="stmt" count="1"/>
        <line num="61" type="stmt" count="1"/>
        <line num="62" type="stmt" count="1"/>
        <line num="65" type="stmt" count="1"/>
        <line num="72" type="method" name="fetchStructure" visibility="public" complexity="2" crap="2" count="1"/>
        <line num="74" type="stmt" count="1"/>
        <line num="76" type="stmt" count="1"/>
        <line num="77" type="stmt" count="1"/>
        <line num="78" type="stmt" count="1"/>
        <line num="81" type="stmt" count="1"/>
        <line num="87" type="method" name="fetchUrlParams" visibility="public" complexity="2" crap="2" count="1"/>
        <line num="89" type="stmt" count="1"/>
        <line num="90" type="stmt" count="1"/>
        <line num="91" type="stmt" count="1"/>
        <line num="92" type="stmt" count="1"/>
        <line num="95" type="stmt" count="1"/>
        <metrics loc="98" ncloc="70" classes="1" methods="5" coveredmethods="4" conditionals="0" coveredconditionals="0" statements="22" coveredstatements="21" elements="27" coveredelements="25"/>
      </file>
      <file name="/var/www/phpClickHouse/src/Query/WriteToFile.php">
        <class name="ClickHouseDB\Query\WriteToFile" namespace="ClickHouseDB\Query">
          <metrics complexity="14" methods="7" coveredmethods="4" conditionals="0" coveredconditionals="0" statements="24" coveredstatements="17" elements="31" coveredelements="21"/>
        </class>
        <line num="37" type="method" name="__construct" visibility="public" complexity="7" crap="8.14" count="1"/>
        <line num="40" type="stmt" count="1"/>
        <line num="42" type="stmt" count="0"/>
        <line num="45" type="stmt" count="1"/>
        <line num="47" type="stmt" count="1"/>
        <line num="49" type="stmt" count="0"/>
        <line num="51" type="stmt" count="1"/>
        <line num="53" type="stmt" count="0"/>
        <line num="56" type="stmt" count="1"/>
        <line num="57" type="stmt" count="1"/>
        <line num="59" type="stmt" count="0"/>
        <line num="61" type="stmt" count="1"/>
        <line num="63" type="stmt" count="1"/>
        <line num="65" type="stmt" count="1"/>
        <line num="66" type="stmt" count="1"/>
        <line num="71" type="method" name="getGzip" visibility="public" complexity="1" crap="1" count="1"/>
        <line num="73" type="stmt" count="1"/>
        <line num="79" type="method" name="setGzip" visibility="public" complexity="1" crap="2.00" count="0"/>
        <line num="81" type="stmt" count="0"/>
        <line num="82" type="stmt" count="0"/>
        <line num="87" type="method" name="setFormat" visibility="public" complexity="2" crap="2.06" count="1"/>
        <line num="89" type="stmt" count="1"/>
        <line num="91" type="stmt" count="0"/>
        <line num="93" type="stmt" count="1"/>
        <line num="94" type="stmt" count="1"/>
        <line num="98" type="method" name="size" visibility="public" complexity="1" crap="1" count="1"/>
        <line num="100" type="stmt" count="1"/>
        <line num="106" type="method" name="fetchFile" visibility="public" complexity="1" crap="1" count="1"/>
        <line num="108" type="stmt" count="1"/>
        <line num="114" type="method" name="fetchFormat" visibility="public" complexity="1" crap="1" count="1"/>
        <line num="116" type="stmt" count="1"/>
        <metrics loc="119" ncloc="83" classes="1" methods="7" coveredmethods="4" conditionals="0" coveredconditionals="0" statements="24" coveredstatements="17" elements="31" coveredelements="21"/>
      </file>
    </package>
    <package name="ClickHouseDB\Quote">
      <file name="/var/www/phpClickHouse/src/Quote/CSV.php">
        <class name="ClickHouseDB\Quote\CSV" namespace="ClickHouseDB\Quote">
          <metrics complexity="1" methods="1" coveredmethods="0" conditionals="0" coveredconditionals="0" statements="3" coveredstatements="0" elements="4" coveredelements="0"/>
        </class>
        <line num="10" type="method" name="quoteRow" visibility="public" complexity="1" crap="2.00" count="0"/>
        <line num="11" type="stmt" count="0"/>
        <line num="12" type="stmt" count="0"/>
        <line num="13" type="stmt" count="0"/>
        <metrics loc="14" ncloc="11" classes="1" methods="1" coveredmethods="0" conditionals="0" coveredconditionals="0" statements="3" coveredstatements="0" elements="4" coveredelements="0"/>
      </file>
      <file name="/var/www/phpClickHouse/src/Quote/FormatLine.php">
        <class name="ClickHouseDB\Quote\FormatLine" namespace="ClickHouseDB\Quote">
          <metrics complexity="5" methods="4" coveredmethods="4" conditionals="0" coveredconditionals="0" statements="6" coveredstatements="6" elements="10" coveredelements="10"/>
        </class>
        <line num="19" type="method" name="strictQuote" visibility="public" complexity="2" crap="2" count="11"/>
        <line num="21" type="stmt" count="11"/>
        <line num="23" type="stmt" count="2"/>
        <line num="25" type="stmt" count="11"/>
        <line num="34" type="method" name="Insert" visibility="public" complexity="1" crap="1" count="11"/>
        <line num="36" type="stmt" count="11"/>
        <line num="45" type="method" name="TSV" visibility="public" complexity="1" crap="1" count="1"/>
        <line num="47" type="stmt" count="1"/>
        <line num="56" type="method" name="CSV" visibility="public" complexity="1" crap="1" count="1"/>
        <line num="58" type="stmt" count="1"/>
        <metrics loc="60" ncloc="32" classes="1" methods="4" coveredmethods="4" conditionals="0" coveredconditionals="0" statements="6" coveredstatements="6" elements="10" coveredelements="10"/>
      </file>
      <file name="/var/www/phpClickHouse/src/Quote/StrictQuoteLine.php">
        <class name="ClickHouseDB\Quote\StrictQuoteLine" namespace="ClickHouseDB\Quote">
          <metrics complexity="14" methods="4" coveredmethods="3" conditionals="0" coveredconditionals="0" statements="38" coveredstatements="37" elements="42" coveredelements="40"/>
        </class>
        <line num="44" type="method" name="__construct" visibility="public" complexity="2" crap="2.06" count="3"/>
        <line num="46" type="stmt" count="3"/>
        <line num="48" type="stmt" count="0"/>
        <line num="51" type="stmt" count="3"/>
        <line num="52" type="stmt" count="3"/>
        <line num="53" type="method" name="quoteRow" visibility="public" complexity="1" crap="1" count="11"/>
        <line num="55" type="stmt" count="11"/>
        <line num="57" type="method" name="quoteValue" visibility="public" complexity="10" crap="10" count="11"/>
        <line num="59" type="stmt" count="11"/>
        <line num="60" type="stmt" count="11"/>
        <line num="61" type="stmt" count="11"/>
        <line num="62" type="stmt" count="11"/>
        <line num="63" type="stmt" count="11"/>
        <line num="64" type="stmt" count="11"/>
        <line num="67" type="stmt" count="11"/>
        <line num="69" type="stmt" count="11"/>
        <line num="71" type="stmt" count="11"/>
        <line num="73" type="stmt" count="11"/>
        <line num="74" type="stmt" count="11"/>
        <line num="75" type="stmt" count="1"/>
        <line num="78" type="stmt" count="11"/>
        <line num="83" type="stmt" count="4"/>
        <line num="85" type="stmt" count="4"/>
        <line num="86" type="stmt" count="4"/>
        <line num="87" type="stmt" count="4"/>
        <line num="89" type="stmt" count="4"/>
        <line num="91" type="stmt" count="4"/>
        <line num="94" type="stmt" count="11"/>
        <line num="96" type="stmt" count="11"/>
        <line num="97" type="stmt" count="9"/>
        <line num="100" type="stmt" count="11"/>
        <line num="101" type="stmt" count="9"/>
        <line num="102" type="stmt" count="1"/>
        <line num="105" type="stmt" count="9"/>
        <line num="107" type="stmt" count="9"/>
        <line num="110" type="stmt" count="3"/>
        <line num="111" type="stmt" count="1"/>
        <line num="114" type="stmt" count="2"/>
        <line num="115" type="stmt" count="11"/>
        <line num="117" type="stmt" count="11"/>
        <line num="123" type="method" name="encodeString" visibility="public" complexity="1" crap="1" count="9"/>
        <line num="125" type="stmt" count="9"/>
        <metrics loc="127" ncloc="116" classes="1" methods="4" coveredmethods="3" conditionals="0" coveredconditionals="0" statements="38" coveredstatements="37" elements="42" coveredelements="40"/>
      </file>
      <file name="/var/www/phpClickHouse/src/Quote/ValueFormatter.php">
        <class name="ClickHouseDB\Quote\ValueFormatter" namespace="ClickHouseDB\Quote">
          <metrics complexity="14" methods="3" coveredmethods="3" conditionals="0" coveredconditionals="0" statements="17" coveredstatements="17" elements="20" coveredelements="20"/>
        </class>
        <line num="26" type="method" name="formatValue" visibility="public" complexity="12" crap="12" count="33"/>
        <line num="28" type="stmt" count="33"/>
        <line num="29" type="stmt" count="2"/>
        <line num="32" type="stmt" count="33"/>
        <line num="33" type="stmt" count="18"/>
        <line num="36" type="stmt" count="28"/>
        <line num="37" type="stmt" count="1"/>
        <line num="40" type="stmt" count="28"/>
        <line num="41" type="stmt" count="1"/>
        <line num="44" type="stmt" count="27"/>
        <line num="45" type="stmt" count="1"/>
        <line num="48" type="stmt" count="27"/>
        <line num="49" type="stmt" count="26"/>
        <line num="50" type="stmt" count="17"/>
        <line num="53" type="stmt" count="9"/>
        <line num="56" type="stmt" count="1"/>
        <line num="65" type="method" name="escapeString" visibility="private" complexity="1" crap="1" count="17"/>
        <line num="67" type="stmt" count="17"/>
        <line num="73" type="method" name="formatStringParameter" visibility="private" complexity="1" crap="1" count="17"/>
        <line num="75" type="stmt" count="17"/>
        <metrics loc="77" ncloc="64" classes="1" methods="3" coveredmethods="3" conditionals="0" coveredconditionals="0" statements="17" coveredstatements="17" elements="20" coveredelements="20"/>
      </file>
    </package>
    <package name="ClickHouseDB\Transport">
      <file name="/var/www/phpClickHouse/src/Transport/CurlerRequest.php">
        <class name="ClickHouseDB\Transport\CurlerRequest" namespace="ClickHouseDB\Transport">
          <metrics complexity="84" methods="50" coveredmethods="30" conditionals="0" coveredconditionals="0" statements="191" coveredstatements="145" elements="241" coveredelements="175"/>
        </class>
        <line num="99" type="method" name="__construct" visibility="public" complexity="1" crap="1" count="49"/>
        <line num="101" type="stmt" count="49"/>
        <line num="103" type="stmt" count="49"/>
        <line num="104" type="stmt" count="49"/>
        <line num="105" type="stmt" count="49"/>
        <line num="107" type="stmt" count="49"/>
        <line num="108" type="stmt" count="49"/>
        <line num="109" type="stmt" count="49"/>
        <line num="110" type="stmt" count="49"/>
        <line num="111" type="stmt" count="49"/>
        <line num="112" type="stmt" count="49"/>
        <line num="113" type="stmt" count="49"/>
        <line num="114" type="stmt" count="49"/>
        <line num="115" type="stmt" count="49"/>
        <line num="116" type="stmt" count="49"/>
        <line num="117" type="stmt" count="49"/>
        <line num="118" type="stmt" count="49"/>
        <line num="119" type="stmt" count="49"/>
        <line num="121" type="stmt" count="49"/>
        <line num="126" type="method" name="__destruct" visibility="public" complexity="1" crap="1" count="48"/>
        <line num="128" type="stmt" count="48"/>
        <line num="129" type="stmt" count="48"/>
        <line num="132" type="method" name="close" visibility="public" complexity="2" crap="2" count="48"/>
        <line num="134" type="stmt" count="48"/>
        <line num="136" type="stmt" count="48"/>
        <line num="138" type="stmt" count="48"/>
        <line num="139" type="stmt" count="48"/>
        <line num="144" type="method" name="attachFiles" visibility="public" complexity="2" crap="2" count="1"/>
        <line num="146" type="stmt" count="1"/>
        <line num="148" type="stmt" count="1"/>
        <line num="149" type="stmt" count="1"/>
        <line num="150" type="stmt" count="1"/>
        <line num="153" type="stmt" count="1"/>
        <line num="154" type="stmt" count="1"/>
        <line num="155" type="stmt" count="1"/>
        <line num="162" type="method" name="id" visibility="public" complexity="2" crap="6.00" count="0"/>
        <line num="164" type="stmt" count="0"/>
        <line num="165" type="stmt" count="0"/>
        <line num="168" type="stmt" count="0"/>
        <line num="175" type="method" name="setRequestExtendedInfo" visibility="public" complexity="1" crap="1" count="40"/>
        <line num="177" type="stmt" count="40"/>
        <line num="178" type="stmt" count="40"/>
        <line num="185" type="method" name="getRequestExtendedInfo" visibility="public" complexity="3" crap="3.33" count="40"/>
        <line num="187" type="stmt" count="40"/>
        <line num="188" type="stmt" count="40"/>
        <line num="191" type="stmt" count="0"/>
        <line num="197" type="method" name="getInfileHandle" visibility="public" complexity="1" crap="1" count="8"/>
        <line num="199" type="stmt" count="8"/>
        <line num="206" type="method" name="setInfile" visibility="public" complexity="3" crap="3.01" count="8"/>
        <line num="208" type="stmt" count="8"/>
        <line num="209" type="stmt" count="8"/>
        <line num="210" type="stmt" count="8"/>
        <line num="213" type="stmt" count="8"/>
        <line num="214" type="stmt" count="8"/>
        <line num="215" type="stmt" count="8"/>
        <line num="217" type="stmt" count="8"/>
        <line num="219" type="stmt" count="8"/>
        <line num="221" type="stmt" count="0"/>
        <line num="224" type="stmt" count="8"/>
        <line num="227" type="stmt" count="8"/>
        <line num="233" type="method" name="setCallbackFunction" visibility="public" complexity="1" crap="1" count="8"/>
        <line num="235" type="stmt" count="8"/>
        <line num="236" type="stmt" count="8"/>
        <line num="241" type="method" name="setWriteFunction" visibility="public" complexity="1" crap="1" count="1"/>
        <line num="243" type="stmt" count="1"/>
        <line num="244" type="stmt" count="1"/>
        <line num="248" type="method" name="setReadFunction" visibility="public" complexity="1" crap="1" count="3"/>
        <line num="250" type="stmt" count="3"/>
        <line num="251" type="stmt" count="3"/>
        <line num="253" type="method" name="setHeaderFunction" visibility="public" complexity="1" crap="2.00" count="0"/>
        <line num="255" type="stmt" count="0"/>
        <line num="256" type="stmt" count="0"/>
        <line num="262" type="method" name="setCallback" visibility="public" complexity="1" crap="2.00" count="0"/>
        <line num="264" type="stmt" count="0"/>
        <line num="265" type="stmt" count="0"/>
        <line num="266" type="stmt" count="0"/>
        <line num="271" type="method" name="onCallback" visibility="public" complexity="4" crap="4.37" count="10"/>
        <line num="273" type="stmt" count="10"/>
        <line num="274" type="stmt" count="8"/>
        <line num="275" type="stmt" count="8"/>
        <line num="278" type="stmt" count="10"/>
        <line num="279" type="stmt" count="0"/>
[...]
        <line num="144" type="method" name="verbose" visibility="public" complexity="1" crap="2.00" count="0"/>
        <line num="146" type="stmt" count="0"/>
        <line num="147" type="stmt" count="0"/>
        <line num="154" type="method" name="getUrl" visibility="private" complexity="4" crap="5.02" count="40"/>
        <line num="156" type="stmt" count="40"/>
        <line num="158" type="stmt" count="40"/>
        <line num="159" type="stmt" count="40"/>
        <line num="163" type="stmt" count="40"/>
        <line num="165" type="stmt" count="0"/>
        <line num="166" type="stmt" count="0"/>
        <line num="167" type="stmt" count="0"/>
        <line num="168" type="stmt" count="0"/>
        <line num="172" type="stmt" count="40"/>
        <line num="175" type="stmt" count="40"/>
        <line num="182" type="method" name="newRequest" visibility="private" complexity="3" crap="3" count="40"/>
        <line num="184" type="stmt" count="40"/>
        <line num="185" type="stmt" count="40"/>
        <line num="186" type="stmt" count="40"/>
        <line num="187" type="stmt" count="40"/>
        <line num="189" type="stmt" count="40"/>
        <line num="190" type="stmt" count="40"/>
        <line num="192" type="stmt" count="40"/>
        <line num="194" type="stmt" count="1"/>
        <line num="197" type="stmt" count="40"/>
        <line num="198" type="stmt" count="40"/>
        <line num="199" type="stmt" count="40"/>
        <line num="201" type="stmt" count="40"/>
        <line num="211" type="method" name="makeRequest" visibility="private" complexity="4" crap="4" count="40"/>
        <line num="213" type="stmt" count="40"/>
        <line num="215" type="stmt" count="40"/>
        <line num="216" type="stmt" count="1"/>
        <line num="219" type="stmt" count="40"/>
        <line num="222" type="stmt" count="40"/>
        <line num="223" type="stmt" count="40"/>
        <line num="224" type="stmt" count="40"/>
        <line num="227" type="stmt" count="40"/>
        <line num="228" type="stmt" count="40"/>
        <line num="233" type="stmt" count="40"/>
        <line num="234" type="stmt" count="40"/>
        <line num="236" type="stmt" count="40"/>
        <line num="237" type="stmt" count="40"/>
        <line num="240" type="stmt" count="40"/>
        <line num="247" type="method" name="writeStreamData" visibility="public" complexity="2" crap="2" count="3"/>
        <line num="250" type="stmt" count="3"/>
        <line num="251" type="stmt" count="1"/>
        <line num="253" type="stmt" count="2"/>
        <line num="256" type="stmt" count="3"/>
        <line num="257" type="stmt" count="3"/>
        <line num="258" type="stmt" count="3"/>
        <line num="261" type="stmt" count="3"/>
        <line num="262" type="stmt" count="3"/>
        <line num="263" type="stmt" count="3"/>
        <line num="266" type="stmt" count="3"/>
        <line num="267" type="stmt" count="3"/>
        <line num="268" type="stmt" count="3"/>
        <line num="278" type="method" name="writeAsyncCSV" visibility="public" complexity="2" crap="2" count="8"/>
        <line num="280" type="stmt" count="8"/>
        <line num="282" type="stmt" count="8"/>
        <line num="283" type="stmt" count="8"/>
        <line num="284" type="stmt" count="8"/>
        <line num="288" type="stmt" count="8"/>
        <line num="289" type="stmt" count="8"/>
        <line num="290" type="stmt" count="8"/>
        <line num="293" type="stmt" count="8"/>
        <line num="294" type="stmt" count="8"/>
        <line num="297" type="stmt" count="8"/>
        <line num="298" type="stmt" count="8"/>
        <line num="299" type="stmt" count="8"/>
        <line num="301" type="stmt" count="8"/>
        <line num="303" type="stmt" count="8"/>
        <line num="304" type="stmt" count="8"/>
        <line num="306" type="stmt" count="8"/>
        <line num="314" type="method" name="getCountPendingQueue" visibility="public" complexity="1" crap="1" count="12"/>
        <line num="316" type="stmt" count="12"/>
        <line num="324" type="method" name="setConnectTimeOut" visibility="public" complexity="1" crap="1" count="2"/>
        <line num="326" type="stmt" count="2"/>
        <line num="327" type="stmt" count="2"/>
        <line num="334" type="method" name="getConnectTimeOut" visibility="public" complexity="1" crap="1" count="39"/>
        <line num="336" type="stmt" count="39"/>
        <line num="340" type="method" name="__findXClickHouseProgress" visibility="public" complexity="8" crap="8.60" count="1"/>
        <line num="342" type="stmt" count="1"/>
        <line num="345" type="stmt" count="1"/>
        <line num="346" type="stmt" count="1"/>
        <line num="347" type="stmt" count="1"/>
        <line num="348" type="stmt" count="1"/>
        <line num="349" type="stmt" count="0"/>
        <line num="352" type="stmt" count="1"/>
        <line num="353" type="stmt" count="1"/>
        <line num="354" type="stmt" count="0"/>
        <line num="356" type="stmt" count="1"/>
        <line num="358" type="stmt" count="1"/>
        <line num="359" type="stmt" count="0"/>
        <line num="362" type="stmt" count="1"/>
        <line num="363" type="stmt" count="1"/>
        <line num="365" type="stmt" count="1"/>
        <line num="367" type="stmt" count="1"/>
        <line num="368" type="stmt" count="0"/>
        <line num="370" type="stmt" count="1"/>
        <line num="378" type="stmt" count="1"/>
        <line num="387" type="method" name="getRequestRead" visibility="public" complexity="12" crap="12.09" count="35"/>
        <line num="389" type="stmt" count="35"/>
        <line num="390" type="stmt" count="35"/>
        <line num="392" type="stmt" count="35"/>
        <line num="394" type="stmt" count="1"/>
        <line num="396" type="stmt" count="1"/>
        <line num="397" type="stmt" count="1"/>
        <line num="401" type="stmt" count="35"/>
        <line num="402" type="stmt" count="1"/>
        <line num="403" type="stmt" count="1"/>
        <line num="407" type="stmt" count="35"/>
        <line num="410" type="stmt" count="35"/>
        <line num="411" type="stmt" count="1"/>
        <line num="415" type="stmt" count="35"/>
        <line num="417" type="stmt" count="1"/>
        <line num="418" type="stmt" count="1"/>
        <line num="420" type="stmt" count="1"/>
        <line num="422" type="stmt" count="1"/>
        <line num="430" type="stmt" count="0"/>
        <line num="436" type="stmt" count="0"/>
        <line num="437" type="stmt" count="1"/>
        <line num="440" type="stmt" count="35"/>
        <line num="442" type="stmt" count="1"/>
        <line num="445" type="stmt" count="35"/>
        <line num="449" type="method" name="cleanQueryDegeneration" visibility="public" complexity="1" crap="1" count="1"/>
        <line num="451" type="stmt" count="1"/>
        <line num="452" type="stmt" count="1"/>
        <line num="455" type="method" name="addQueryDegeneration" visibility="public" complexity="1" crap="1" count="63"/>
        <line num="457" type="stmt" count="63"/>
        <line num="458" type="stmt" count="63"/>
        <line num="466" type="method" name="getRequestWrite" visibility="public" complexity="1" crap="1" count="26"/>
        <line num="468" type="stmt" count="26"/>
        <line num="469" type="stmt" count="26"/>
        <line num="475" type="method" name="ping" visibility="public" complexity="1" crap="1" count="39"/>
        <line num="477" type="stmt" count="39"/>
        <line num="478" type="stmt" count="39"/>
        <line num="479" type="stmt" count="39"/>
        <line num="481" type="stmt" count="39"/>
        <line num="489" type="method" name="prepareQuery" visibility="private" complexity="2" crap="2" count="41"/>
        <line num="493" type="stmt" count="41"/>
        <line num="494" type="stmt" count="41"/>
        <line num="497" type="stmt" count="41"/>
        <line num="509" type="method" name="prepareSelect" visibility="private" complexity="2" crap="2.03" count="34"/>
        <line num="511" type="stmt" count="34"/>
        <line num="512" type="stmt" count="0"/>
        <line num="514" type="stmt" count="34"/>
        <line num="515" type="stmt" count="34"/>
        <line num="516" type="stmt" count="34"/>
        <line num="528" type="method" name="prepareWrite" visibility="private" complexity="2" crap="2.06" count="27"/>
        <line num="530" type="stmt" count="27"/>
        <line num="531" type="stmt" count="0"/>
        <line num="534" type="stmt" count="27"/>
        <line num="535" type="stmt" count="26"/>
        <line num="542" type="method" name="executeAsync" visibility="public" complexity="1" crap="1" count="10"/>
        <line num="544" type="stmt" count="10"/>
        <line num="556" type="method" name="select" visibility="public" complexity="1" crap="1" count="29"/>
        <line num="558" type="stmt" count="29"/>
        <line num="559" type="stmt" count="29"/>
        <line num="560" type="stmt" count="29"/>
        <line num="572" type="method" name="selectAsync" visibility="public" complexity="1" crap="1" count="5"/>
        <line num="574" type="stmt" count="5"/>
        <line num="575" type="stmt" count="5"/>
        <line num="576" type="stmt" count="5"/>
        <line num="582" type="method" name="setProgressFunction" visibility="public" complexity="1" crap="1" count="1"/>
        <line num="584" type="stmt" count="1"/>
        <line num="585" type="stmt" count="1"/>
        <line num="594" type="method" name="write" visibility="public" complexity="3" crap="3" count="27"/>
        <line num="596" type="stmt" count="27"/>
        <line num="597" type="stmt" count="26"/>
        <line num="598" type="stmt" count="26"/>
        <line num="599" type="stmt" count="26"/>
        <line num="600" type="stmt" count="26"/>
        <line num="601" type="stmt" count="3"/>
        <line num="604" type="stmt" count="24"/>
        <line num="613" type="method" name="streaming" visibility="private" complexity="9" crap="11.01" count="2"/>
        <line num="615" type="stmt" count="2"/>
        <line num="616" type="stmt" count="2"/>
        <line num="623" type="stmt" count="2"/>
        <line num="624" type="stmt" count="0"/>
        <line num="628" type="stmt" count="0"/>
        <line num="629" type="stmt" count="0"/>
        <line num="632" type="stmt" count="0"/>
        <line num="633" type="stmt" count="0"/>
        <line num="637" type="stmt" count="2"/>
        <line num="639" type="stmt" count="1"/>
        <line num="641" type="stmt" count="1"/>
        <line num="642" type="stmt" count="1"/>
        <line num="644" type="stmt" count="0"/>
        <line num="651" type="stmt" count="2"/>
        <line num="654" type="stmt" count="2"/>
        <line num="656" type="stmt" count="1"/>
        <line num="658" type="stmt" count="1"/>
        <line num="666" type="stmt" count="2"/>
        <line num="667" type="stmt" count="2"/>
        <line num="668" type="stmt" count="2"/>
        <line num="669" type="stmt" count="0"/>
        <line num="671" type="stmt" count="2"/>
        <line num="673" type="stmt" count="2"/>
        <line num="674" type="stmt" count="2"/>
        <line num="688" type="method" name="streamRead" visibility="public" complexity="1" crap="1" count="1"/>
        <line num="690" type="stmt" count="1"/>
        <line num="691" type="stmt" count="1"/>
        <line num="692" type="stmt" count="1"/>
        <line num="703" type="method" name="streamWrite" visibility="public" complexity="1" crap="1" count="1"/>
        <line num="705" type="stmt" count="1"/>
        <line num="706" type="stmt" count="1"/>
        <line num="707" type="stmt" count="1"/>
        <metrics loc="709" ncloc="483" classes="1" methods="32" coveredmethods="24" conditionals="0" coveredconditionals="0" statements="203" coveredstatements="181" elements="235" coveredelements="205"/>
      </file>
      <file name="/var/www/phpClickHouse/src/Transport/Stream.php">
        <class name="ClickHouseDB\Transport\Stream" namespace="ClickHouseDB\Transport" fullPackage="ClickHouseDB" package="ClickHouseDB">
          <metrics complexity="7" methods="6" coveredmethods="5" conditionals="0" coveredconditionals="0" statements="11" coveredstatements="10" elements="17" coveredelements="15"/>
        </class>
        <line num="26" type="method" name="__construct" visibility="public" complexity="2" crap="2.06" count="2"/>
        <line num="28" type="stmt" count="2"/>
        <line num="29" type="stmt" count="0"/>
        <line num="31" type="stmt" count="2"/>
        <line num="32" type="stmt" count="2"/>
        <line num="37" type="method" name="isGzipHeader" visibility="public" complexity="1" crap="1" count="2"/>
        <line num="39" type="stmt" count="2"/>
        <line num="45" type="method" name="getClosure" visibility="public" complexity="1" crap="1" count="2"/>
        <line num="47" type="stmt" count="2"/>
        <line num="53" type="method" name="getStream" visibility="public" complexity="1" crap="1" count="2"/>
        <line num="55" type="stmt" count="2"/>
        <line num="61" type="method" name="closure" visibility="public" complexity="1" crap="1" count="2"/>
        <line num="63" type="stmt" count="2"/>
        <line num="64" type="stmt" count="2"/>
        <line num="69" type="method" name="enableGzipHeader" visibility="public" complexity="1" crap="1" count="1"/>
        <line num="71" type="stmt" count="1"/>
        <line num="72" type="stmt" count="1"/>
        <metrics loc="74" ncloc="43" classes="1" methods="6" coveredmethods="5" conditionals="0" coveredconditionals="0" statements="11" coveredstatements="10" elements="17" coveredelements="15"/>
      </file>
      <file name="/var/www/phpClickHouse/src/Transport/StreamInsert.php">
        <class name="ClickHouseDB\Transport\StreamInsert" namespace="ClickHouseDB\Transport" fullPackage="ClickHouseDB" package="ClickHouseDB">
          <metrics complexity="5" methods="2" coveredmethods="1" conditionals="0" coveredconditionals="0" statements="17" coveredstatements="16" elements="19" coveredelements="17"/>
        </class>
        <line num="34" type="method" name="__construct" visibility="public" complexity="3" crap="3.02" count="4"/>
        <line num="36" type="stmt" count="4"/>
        <line num="37" type="stmt" count="0"/>
        <line num="39" type="stmt" count="4"/>
        <line num="41" type="stmt" count="3"/>
        <line num="43" type="stmt" count="1"/>
        <line num="45" type="stmt" count="4"/>
        <line num="46" type="stmt" count="4"/>
        <line num="47" type="stmt" count="4"/>
        <line num="54" type="method" name="insert" visibility="public" complexity="2" crap="2" count="4"/>
        <line num="57" type="stmt" count="4"/>
        <line num="58" type="stmt" count="2"/>
        <line num="62" type="stmt" count="2"/>
        <line num="63" type="stmt" count="2"/>
        <line num="64" type="stmt" count="2"/>
        <line num="65" type="stmt" count="2"/>
        <line num="66" type="stmt" count="2"/>
        <line num="67" type="stmt" count="2"/>
        <line num="69" type="stmt" count="4"/>
        <metrics loc="72" ncloc="46" classes="1" methods="2" coveredmethods="1" conditionals="0" coveredconditionals="0" statements="17" coveredstatements="16" elements="19" coveredelements="17"/>
      </file>
      <file name="/var/www/phpClickHouse/src/Transport/StreamRead.php">
        <class name="ClickHouseDB\Transport\StreamRead" namespace="ClickHouseDB\Transport" fullPackage="ClickHouseDB" package="ClickHouseDB">
          <metrics complexity="2" methods="2" coveredmethods="1" conditionals="0" coveredconditionals="0" statements="3" coveredstatements="1" elements="5" coveredelements="2"/>
        </class>
        <line num="11" type="method" name="isWrite" visibility="public" complexity="1" crap="1" count="1"/>
        <line num="13" type="stmt" count="1"/>
        <line num="15" type="method" name="applyGzip" visibility="public" complexity="1" crap="2.00" count="0"/>
        <line num="18" type="stmt" count="0"/>
        <line num="19" type="stmt" count="0"/>
        <metrics loc="20" ncloc="14" classes="1" methods="2" coveredmethods="1" conditionals="0" coveredconditionals="0" statements="3" coveredstatements="1" elements="5" coveredelements="2"/>
      </file>
      <file name="/var/www/phpClickHouse/src/Transport/StreamWrite.php">
        <class name="ClickHouseDB\Transport\StreamWrite" namespace="ClickHouseDB\Transport" fullPackage="ClickHouseDB" package="ClickHouseDB">
          <metrics complexity="3" methods="3" coveredmethods="3" conditionals="0" coveredconditionals="0" statements="6" coveredstatements="6" elements="9" coveredelements="9"/>
        </class>
        <line num="12" type="method" name="__construct" visibility="public" complexity="1" crap="1" count="1"/>
        <line num="15" type="stmt" count="1"/>
        <line num="17" type="stmt" count="1"/>
        <line num="19" type="method" name="isWrite" visibility="public" complexity="1" crap="1" count="1"/>
        <line num="21" type="stmt" count="1"/>
        <line num="23" type="method" name="applyGzip" visibility="public" complexity="1" crap="1" count="1"/>
        <line num="25" type="stmt" count="1"/>
        <line num="26" type="stmt" count="1"/>
        <line num="27" type="stmt" count="1"/>
        <metrics loc="28" ncloc="24" classes="1" methods="3" coveredmethods="3" conditionals="0" coveredconditionals="0" statements="6" coveredstatements="6" elements="9" coveredelements="9"/>
      </file>
    </package>
    <file name="/var/www/phpClickHouse/src/Transport/IStream.php">
      <metrics loc="16" ncloc="13" classes="0" methods="0" coveredmethods="0" conditionals="0" coveredconditionals="0" statements="0" coveredstatements="0" elements="0" coveredelements="0"/>
    </file>
    <file name="/var/www/phpClickHouse/src/Type/NumericType.php">
      <metrics loc="9" ncloc="9" classes="0" methods="0" coveredmethods="0" conditionals="0" coveredconditionals="0" statements="0" coveredstatements="0" elements="0" coveredelements="0"/>
    </file>
    <file name="/var/www/phpClickHouse/src/Type/Type.php">
      <metrics loc="13" ncloc="10" classes="0" methods="0" coveredmethods="0" conditionals="0" coveredconditionals="0" statements="0" coveredstatements="0" elements="0" coveredelements="0"/>
    </file>
    <package name="ClickHouseDB\Type">
      <file name="/var/www/phpClickHouse/src/Type/UInt64.php">
        <class name="ClickHouseDB\Type\UInt64" namespace="ClickHouseDB\Type">
          <metrics complexity="4" methods="4" coveredmethods="4" conditionals="0" coveredconditionals="0" statements="5" coveredstatements="5" elements="9" coveredelements="9"/>
        </class>
        <line num="12" type="method" name="__construct" visibility="private" complexity="1" crap="1" count="2"/>
        <line num="14" type="stmt" count="2"/>
        <line num="15" type="stmt" count="2"/>
        <line num="20" type="method" name="fromString" visibility="public" complexity="1" crap="1" count="2"/>
        <line num="22" type="stmt" count="2"/>
        <line num="28" type="method" name="getValue" visibility="public" complexity="1" crap="1" count="1"/>
        <line num="30" type="stmt" count="1"/>
        <line num="36" type="method" name="__toString" visibility="public" complexity="1" crap="1" count="1"/>
        <line num="38" type="stmt" count="1"/>
        <metrics loc="40" ncloc="30" classes="1" methods="4" coveredmethods="4" conditionals="0" coveredconditionals="0" statements="5" coveredstatements="5" elements="9" coveredelements="9"/>
      </file>
    </package>
    <metrics files="32" loc="5605" ncloc="3886" classes="25" methods="316" coveredmethods="176" conditionals="0" coveredconditionals="0" statements="1520" coveredstatements="926" elements="1836" coveredelements="1102"/>
  </project>
</coverage>
